<?xml version='1.0'?>
<ns2:test-suite xmlns:ns2='urn:model.allure.qatools.yandex.ru' start='1601288718423' stop='1601288726786'>
    <name>Protractor Demo App</name>
    <title>Protractor Demo App</title>
    <test-cases>
        <test-case start='1601288719514' status='failed' stop='1601288721883'>
            <name>addition</name>
            <title>addition</title>
            <labels/>
            <parameters/>
            <steps/>
            <attachments>
                <attachment title='Screenshot' source='8d17d7f9-4f4d-40e0-91ab-64fd454381d2-attachment.png' type='image/png' size='21090'/>
            </attachments>
            <failure>
                <message>Expected '6' to equal '4'.</message>
                <stack-trace>Error: Failed expectation
                    at homePage.verifyResult (C:\Users\manjunathgu\Documents\ProtractorProject\pages\homepage.js:29:34)
                    at UserContext.&lt;anonymous> (C:\Users\manjunathgu\Documents\ProtractorProject\tests\spec.js:14:13)
                    at C:\Users\manjunathgu\AppData\Roaming\npm\node_modules\protractor\node_modules\jasminewd2\index.js:112:25
                    at new ManagedPromise (C:\Users\manjunathgu\AppData\Roaming\npm\node_modules\protractor\node_modules\selenium-webdriver\lib\promise.js:1077:7)
                    at ControlFlow.promise (C:\Users\manjunathgu\AppData\Roaming\npm\node_modules\protractor\node_modules\selenium-webdriver\lib\promise.js:2505:12)
                    at schedulerExecute (C:\Users\manjunathgu\AppData\Roaming\npm\node_modules\protractor\node_modules\jasminewd2\index.js:95:18)
                    at TaskQueue.execute_ (C:\Users\manjunathgu\AppData\Roaming\npm\node_modules\protractor\node_modules\selenium-webdriver\lib\promise.js:3084:14)
                    at TaskQueue.executeNext_ (C:\Users\manjunathgu\AppData\Roaming\npm\node_modules\protractor\node_modules\selenium-webdriver\lib\promise.js:3067:27)
                    at C:\Users\manjunathgu\AppData\Roaming\npm\node_modules\protractor\node_modules\selenium-webdriver\lib\promise.js:2974:25</stack-trace>
            </failure>
        </test-case>
        <test-case start='1601288721883' status='failed' stop='1601288726751'>
            <name>substraction</name>
            <title>substraction</title>
            <labels/>
            <parameters/>
            <steps/>
            <attachments/>
            <failure>
                <message>TypeError: The first argument must be of type string or an instance of Buffer, ArrayBuffer, or Array or an Array-like Object. Received null</message>
                <stack-trace>TypeError [ERR_INVALID_ARG_TYPE] [ERR_INVALID_ARG_TYPE]: The first argument must be of type string or an instance of Buffer, ArrayBuffer, or Array or an Array-like Object. Received null
                    at Function.from (buffer.js:331:9)
                    at new Buffer (buffer.js:287:17)
                    at C:\Users\manjunathgu\Documents\ProtractorProject\conf\conf.js:25:28
                    at C:\Users\manjunathgu\node_modules\allure-js-commons\runtime.js:44:34
                    at C:\Users\manjunathgu\Documents\ProtractorProject\conf\conf.js:26:32
                    at ManagedPromise.invokeCallback_ (C:\Users\manjunathgu\AppData\Roaming\npm\node_modules\protractor\node_modules\selenium-webdriver\lib\promise.js:1376:14)
                    at TaskQueue.execute_ (C:\Users\manjunathgu\AppData\Roaming\npm\node_modules\protractor\node_modules\selenium-webdriver\lib\promise.js:3084:14)
                    at TaskQueue.executeNext_ (C:\Users\manjunathgu\AppData\Roaming\npm\node_modules\protractor\node_modules\selenium-webdriver\lib\promise.js:3067:27)
                    at C:\Users\manjunathgu\AppData\Roaming\npm\node_modules\protractor\node_modules\selenium-webdriver\lib\promise.js:2927:27
                    at C:\Users\manjunathgu\AppData\Roaming\npm\node_modules\protractor\node_modules\selenium-webdriver\lib\promise.js:668:7</stack-trace>
            </failure>
        </test-case>
        <test-case start='1601288726751' status='failed' stop='1601288726783'>
            <name>multiplication</name>
            <title>multiplication</title>
            <labels/>
            <parameters/>
            <steps/>
            <attachments/>
            <failure>
                <message>NoSuchWindowError: no such window: target window already closed
                from unknown error: web view not found
                  (Session info: chrome=85.0.4183.121)
                  (Driver info: chromedriver=85.0.4183.38 (9047dbc2c693f044042bbec5c91401c708c7c26a-refs/branch-heads/4183@{#779}),platform=Windows NT 10.0.18362 x86_64)</message>
                <stack-trace>NoSuchWindowError: no such window: target window already closed
                from unknown error: web view not found
                  (Session info: chrome=85.0.4183.121)
                  (Driver info: chromedriver=85.0.4183.38 (9047dbc2c693f044042bbec5c91401c708c7c26a-refs/branch-heads/4183@{#779}),platform=Windows NT 10.0.18362 x86_64)
                    at Object.checkLegacyResponse (C:\Users\manjunathgu\AppData\Roaming\npm\node_modules\protractor\node_modules\selenium-webdriver\lib\error.js:546:15)
                    at parseHttpResponse (C:\Users\manjunathgu\AppData\Roaming\npm\node_modules\protractor\node_modules\selenium-webdriver\lib\http.js:509:13)
                    at C:\Users\manjunathgu\AppData\Roaming\npm\node_modules\protractor\node_modules\selenium-webdriver\lib\http.js:441:30
                    at processTicksAndRejections (internal/process/task_queues.js:97:5)
                From: Task: WebDriver.takeScreenshot()
                    at Driver.schedule (C:\Users\manjunathgu\AppData\Roaming\npm\node_modules\protractor\node_modules\selenium-webdriver\lib\webdriver.js:807:17)
                    at Driver.takeScreenshot (C:\Users\manjunathgu\AppData\Roaming\npm\node_modules\protractor\node_modules\selenium-webdriver\lib\webdriver.js:1085:17)
                    at run (C:\Users\manjunathgu\AppData\Roaming\npm\node_modules\protractor\built\browser.js:58:33)
                    at ProtractorBrowser.to.&lt;computed> [as takeScreenshot] (C:\Users\manjunathgu\AppData\Roaming\npm\node_modules\protractor\built\browser.js:66:16)
                    at C:\Users\manjunathgu\node_modules\protractor-jasmine2-screenshot-reporter\index.js:600:23
                    at C:\Users\manjunathgu\node_modules\lodash\lodash.js:4925:15
                    at baseForOwn (C:\Users\manjunathgu\node_modules\lodash\lodash.js:2990:24)
                    at C:\Users\manjunathgu\node_modules\lodash\lodash.js:4894:18
                    at Function.forEach (C:\Users\manjunathgu\node_modules\lodash\lodash.js:9368:14)
                    at Jasmine2ScreenShotReporter.specDone (C:\Users\manjunathgu\node_modules\protractor-jasmine2-screenshot-reporter\index.js:596:7)</stack-trace>
            </failure>
        </test-case>
    </test-cases>
</ns2:test-suite>